<?xml version="1.0" encoding="UTF-8"?>
<!-- Generated by org.testng.reporters.JUnitReportReporter -->
<testsuite hostname="Anees-MacBook-Pro.local" failures="0" tests="1" name="com.apitesting.PutMethod" time="1.832" errors="0" timestamp="23 Feb 2022 18:07:26 GMT" skipped="0">
  <testcase classname="com.apitesting.PutMethod" name="putRequest" time="1.832"/>
</testsuite> <!-- com.apitesting.PutMethod -->
