<?xml version="1.0" encoding="UTF-8"?>
<!-- Generated by org.testng.reporters.JUnitReportReporter -->
<testsuite hostname="Anees-MacBook-Pro.local" failures="0" tests="1" name="com.runner.MyRunner" time="18.983" errors="0" timestamp="13 Feb 2022 20:22:15 GMT" skipped="0">
  <testcase classname="com.runner.MyRunner" name="runScenario" time="18.983"/>
</testsuite> <!-- com.runner.MyRunner -->
