<?xml version="1.0" encoding="UTF-8"?>
<!-- Generated by org.testng.reporters.JUnitReportReporter -->
<testsuite hostname="Anees-MacBook-Pro.local" failures="0" tests="1" name="com.apitesting.BDDStyleAPI" time="1.566" errors="0" timestamp="23 Feb 2022 18:55:29 GMT" skipped="0">
  <testcase classname="com.apitesting.BDDStyleAPI" name="getBDDMethod" time="1.566"/>
</testsuite> <!-- com.apitesting.BDDStyleAPI -->
