<?xml version="1.0" encoding="UTF-8"?>
<!-- Generated by org.testng.reporters.JUnitReportReporter -->
<testsuite hostname="Anees-MacBook-Pro.local" failures="0" tests="1" name="com.seleniumchallenges.DropDown" time="6.068" errors="0" timestamp="23 Mar 2022 04:21:45 GMT" skipped="0">
  <testcase classname="com.seleniumchallenges.DropDown" name="dropDownMenu" time="6.068"/>
</testsuite> <!-- com.seleniumchallenges.DropDown -->
