<?xml version="1.0" encoding="UTF-8"?>
<!-- Generated by org.testng.reporters.JUnitReportReporter -->
<testsuite hostname="Anees-MacBook-Pro.local" failures="0" tests="1" name="com.apitesting.GetMethod" time="1.480" errors="0" timestamp="23 Feb 2022 06:55:26 GMT" skipped="0">
  <testcase classname="com.apitesting.GetMethod" name="getRequest" time="1.480"/>
</testsuite> <!-- com.apitesting.GetMethod -->
