<?xml version="1.0" encoding="UTF-8"?>
<!-- Generated by org.testng.reporters.JUnitReportReporter -->
<testsuite hostname="Anees-MacBook-Pro.local" failures="0" tests="1" name="com.testngpractice.PracticeTestNG" time="1.109" errors="0" timestamp="01 Feb 2022 00:43:22 GMT" skipped="0">
  <testcase classname="com.testngpractice.PracticeTestNG" name="openApplication" time="1.109"/>
</testsuite> <!-- com.testngpractice.PracticeTestNG -->
