<?xml version="1.0" encoding="UTF-8"?>
<!-- Generated by org.testng.reporters.JUnitReportReporter -->
<testsuite hostname="Anees-MacBook-Pro.local" failures="0" tests="12" name="com.testngpractice.TestNGAnnotations" time="0.048" errors="0" timestamp="01 Feb 2022 02:01:43 GMT" skipped="0">
  <testcase classname="com.testngpractice.TestNGAnnotations" name="LogInTest" time="0.007"/>
  <testcase classname="com.testngpractice.TestNGAnnotations" name="SearchTest" time="0.005"/>
  <testcase classname="com.testngpractice.TestNGAnnotations" name="SearchTest" time="0.009"/>
  <testcase classname="com.testngpractice.TestNGAnnotations" name="SearchTest" time="0.003"/>
  <testcase classname="com.testngpractice.TestNGAnnotations" name="SearchTest" time="0.004"/>
  <testcase classname="com.testngpractice.TestNGAnnotations" name="SearchTest" time="0.002"/>
  <testcase classname="com.testngpractice.TestNGAnnotations" name="SearchTest" time="0.001"/>
  <testcase classname="com.testngpractice.TestNGAnnotations" name="SearchTest" time="0.002"/>
  <testcase classname="com.testngpractice.TestNGAnnotations" name="SearchTest" time="0.007"/>
  <testcase classname="com.testngpractice.TestNGAnnotations" name="SearchTest" time="0.002"/>
  <testcase classname="com.testngpractice.TestNGAnnotations" name="SearchTest" time="0.004"/>
  <testcase classname="com.testngpractice.TestNGAnnotations" name="CheckProfileTest" time="0.002"/>
</testsuite> <!-- com.testngpractice.TestNGAnnotations -->
