<?xml version="1.0" encoding="UTF-8"?>
<!-- Generated by org.testng.reporters.JUnitReportReporter -->
<testsuite hostname="Anees-MacBook-Pro.local" failures="0" tests="1" name="com.apitesting.PatchMethod" time="1.521" errors="0" timestamp="23 Feb 2022 18:16:58 GMT" skipped="0">
  <testcase classname="com.apitesting.PatchMethod" name="patchRequest" time="1.521"/>
</testsuite> <!-- com.apitesting.PatchMethod -->
