<?xml version="1.0" encoding="UTF-8"?>
<!-- Generated by org.testng.reporters.JUnitReportReporter -->
<testsuite hostname="Anees-MacBook-Pro.local" failures="0" tests="1" name="com.apitesting.PostMethod" time="1.517" errors="0" timestamp="23 Feb 2022 07:58:59 GMT" skipped="0">
  <testcase classname="com.apitesting.PostMethod" name="postRequest" time="1.517"/>
</testsuite> <!-- com.apitesting.PostMethod -->
