<?xml version="1.0" encoding="UTF-8"?>
<!-- Generated by org.testng.reporters.JUnitReportReporter -->
<testsuite hostname="Anees-MacBook-Pro.local" failures="0" tests="1" name="com.seleniumchallenges.Alerts" time="6.455" errors="0" timestamp="06 Mar 2022 20:36:30 GMT" skipped="0">
  <testcase classname="com.seleniumchallenges.Alerts" name="alertMessage" time="6.455"/>
</testsuite> <!-- com.seleniumchallenges.Alerts -->
